[LOG] System::create                           : Header version = 1.10.04. Current version = 1.10.04.
[LOG] SystemI::setOutputInternal               : Setting output to 'FMOD WASAPI Output'
[LOG] Manager::init                            : maxchannels = 1024 studioflags = 00000009 flags 00000000 extradriverdata 0000000000000000.
[LOG] SystemI::init                            : Initialize version=11004 (93853), maxchannels=1024, flags=0x00030000
[LOG] OutputWASAPI::init                       : Mix Format (WAVEFORMATEX): wFormatTag=0xFFFE, nChannels=8, nSamplesPerSec=48000, nAvgBytesPerSec=1536000, nBlockAlign=32, wBitsPerSample=32, cbSize=22.
[LOG] OutputWASAPI::init                       : Mix Format (WAVEFORMATEXTENSIBLE): wValidBitsPerSample=32, dwChannelMask=0x0000063F, SubFormat=00000003-0000-0010-8000-00AA00389B71.
[LOG] OutputWASAPI::init                       : Output buffer size: 4096 samples, latency: 0.00ms, period: 10.00ms, DSP buffer: 1024 * 4
[LOG] DownMix::init                            : dspbuffersize: 1024  rate: 48000. output speaker mode: 7, input speaker mode 3
[LOG] DownMix::init                            : done.
[LOG] Thread::initThread                       : Init FMOD stream thread. Priority: 2, Stack Size: 65536, Semaphore: No, Sleep Time: 10, Looping: Yes.
[LOG] SystemI::DSPCodecPoolRegister            : register codec pool for pool type 5
[LOG] Thread::initThread                       : Init FMOD mixer thread. Priority: 3, Stack Size: 49152, Semaphore: No, Sleep Time: 0, Looping: Yes.
[LOG] AsyncManager::init                       : manager 000000005044E628 isAsync 1 updatePeriod 0.02
[LOG] Thread::initThread                       : Init FMOD Studio update thread. Priority: 0, Stack Size: 65536, Semaphore: No, Sleep Time: 1, Looping: No.
[LOG] AsyncManager::init                       : done
[LOG] PlaybackSystem::init                     : 
[LOG] Thread::initThread                       : Init FMOD Studio sample load thread. Priority: 0, Stack Size: 65536, Semaphore: No, Sleep Time: 1, Looping: No.
[LOG] PlaybackSystem::init                     : done
[LOG] LiveUpdate::init                         : 
[LOG] Thread::initThread                       : Init FMOD Studio bank load thread. Priority: 0, Stack Size: 65536, Semaphore: No, Sleep Time: 1, Looping: No.
[LOG] Manager::init                            : done.
[ERR] FMOD_OS_Net_Listen                       : bind failed 10048
[ERR] AsyncManager::asyncThreadLoop            : System::update returned error 43.
[ERR] FMOD_OS_Net_Listen                       : bind failed 10048
[ERR] AsyncManager::asyncThreadLoop            : System::update returned error 43.
[ERR] system_release                           : Failed to call stopRecordCommands during system release (Error code 43)
[ERR] system_release                           : Failed to call flushCommands during system release (Error code 43)
[LOG] Thread::callback                         : FMOD Studio update thread finished.
[LOG] Thread::callback                         : FMOD Studio bank load thread finished.
[LOG] Profile::disconnectAll                   : Profiler disconnecting all clients
[LOG] Thread::callback                         : FMOD Studio sample load thread finished.
[LOG] LiveUpdate::release                      : 
[LOG] LiveUpdate::reset                        : Reset connection (reason Disconnected)
[ERR] FMOD_OS_Net_Listen                       : bind failed 10048
[ERR] FMOD_OS_Net_Listen                       : bind failed 10048
[LOG] Thread::callback                         : FMOD stream thread finished.
[LOG] Thread::callback                         : FMOD mixer thread finished.
[LOG] Profile::disconnectAll                   : Profiler disconnecting all clients
[LOG] SystemI::close                           : Closed.
[LOG] System::create                           : Header version = 1.10.04. Current version = 1.10.04.
[LOG] SystemI::setOutputInternal               : Setting output to 'FMOD WASAPI Output'
[LOG] Manager::init                            : maxchannels = 1024 studioflags = 00000008 flags 00000000 extradriverdata 0000000000000000.
[LOG] SystemI::init                            : Initialize version=11004 (93853), maxchannels=1024, flags=0x00020000
[LOG] OutputWASAPI::init                       : Mix Format (WAVEFORMATEX): wFormatTag=0xFFFE, nChannels=8, nSamplesPerSec=48000, nAvgBytesPerSec=1536000, nBlockAlign=32, wBitsPerSample=32, cbSize=22.
[LOG] OutputWASAPI::init                       : Mix Format (WAVEFORMATEXTENSIBLE): wValidBitsPerSample=32, dwChannelMask=0x0000063F, SubFormat=00000003-0000-0010-8000-00AA00389B71.
[LOG] OutputWASAPI::init                       : Output buffer size: 4096 samples, latency: 0.00ms, period: 10.00ms, DSP buffer: 1024 * 4
[LOG] DownMix::init                            : dspbuffersize: 1024  rate: 48000. output speaker mode: 7, input speaker mode 3
[LOG] DownMix::init                            : done.
[LOG] Thread::initThread                       : Init FMOD stream thread. Priority: 2, Stack Size: 65536, Semaphore: No, Sleep Time: 10, Looping: Yes.
[LOG] SystemI::DSPCodecPoolRegister            : register codec pool for pool type 5
[LOG] Thread::initThread                       : Init FMOD mixer thread. Priority: 3, Stack Size: 49152, Semaphore: No, Sleep Time: 0, Looping: Yes.
[LOG] AsyncManager::init                       : manager 000000005044E628 isAsync 1 updatePeriod 0.02
[LOG] Thread::initThread                       : Init FMOD Studio update thread. Priority: 0, Stack Size: 65536, Semaphore: No, Sleep Time: 1, Looping: No.
[LOG] AsyncManager::init                       : done
[LOG] PlaybackSystem::init                     : 
[LOG] Thread::initThread                       : Init FMOD Studio sample load thread. Priority: 0, Stack Size: 65536, Semaphore: No, Sleep Time: 1, Looping: No.
[LOG] PlaybackSystem::init                     : done
[LOG] Thread::initThread                       : Init FMOD Studio bank load thread. Priority: 0, Stack Size: 65536, Semaphore: No, Sleep Time: 1, Looping: No.
[LOG] Manager::init                            : done.
[LOG] Manager::readBank                        : fileversion = 100, compatVersion = 99 (oldest = 44, newest = 100)
[LOG] Manager::readBank                        : fileversion = 100, compatVersion = 99 (oldest = 44, newest = 100)
[LOG] PlaybackSystem::acquireMasterBus         : Setting master channel group format to 3
[LOG] SystemI::createSound                     : filename = Assets\_MotionMentor\_Audio\tai_chi_fmod\Build\Desktop/Master Bank.bank : mode 02010082
[LOG] SystemI::createSound                     : FMOD_NONBLOCKING specified.  Putting into queue to be opened asynchronously!
[LOG] SystemI::createSound                     : setdata soundi = 0000000069D630E8 : node = 000000006939A230
[LOG] SystemI::createSound                     : add node to async list : head = 000000001C10F938.  list count = 0
[LOG] AsyncThread::threadFunc                  : Starting Asynchronous operation on sound 0000000069D630E8
[LOG] SystemI::createSoundInternal             :     Create name='Assets\_MotionMentor\_Audio\tai_chi_fmod\Build\Desktop/Master Bank.bank', mode=0x02010082
[LOG] SystemI::createSoundInternal             :     exinfo->cbsize             = 232
[LOG] SystemI::createSoundInternal             :     exinfo->length             = 2454592
[LOG] SystemI::createSoundInternal             :     exinfo->fileoffset         = 16736
[LOG] SystemI::createSoundInternal             :     exinfo->numsubsounds       = 1
[LOG] SystemI::createSoundInternal             :     exinfo->inclusionlist      = 000000006939A348
[LOG] SystemI::createSoundInternal             :     exinfo->inclusionlistnum   = 1
[LOG] SystemI::createSoundInternal             :     exinfo->suggestedsoundtype = 5
[LOG] SystemI::createSoundInternal             :     exinfo->initialseekpostype = 1
[LOG] SystemI::createSoundInternal             :     Stream 0/1: name='411090__inspectorj__wind-chime-gamelan-gong-a', format=2, channels=2, frequency=48000, lengthbytes=89664, lengthpcm=768487, pcmblocksize=0, loopstart=0, loopend=0, mode=0x00000000, channelmask=0x00000000, channelorder=0, peakvolume=0.725432.
[LOG] AsyncThread::threadFunc                  : Finished Asynchronous operation on sound 0000000069D630E8
[LOG] SoundI::getSubSound                      : sound 0000000069D630E8.  Subsound index 0 / 1
[LOG] SystemI::createSound                     : filename = Assets\_MotionMentor\_Audio\tai_chi_fmod\Build\Desktop/Master Bank.bank : mode 02010082
[LOG] SystemI::createSound                     : FMOD_NONBLOCKING specified.  Putting into queue to be opened asynchronously!
[LOG] SystemI::createSound                     : setdata soundi = 000000001BF4C678 : node = 000000006978ACA0
[LOG] SystemI::createSound                     : add node to async list : head = 000000001C10F938.  list count = 0
[LOG] AsyncThread::threadFunc                  : Starting Asynchronous operation on sound 000000001BF4C678
[LOG] SystemI::createSoundInternal             :     Create name='Assets\_MotionMentor\_Audio\tai_chi_fmod\Build\Desktop/Master Bank.bank', mode=0x02010082
[LOG] SystemI::createSoundInternal             :     exinfo->cbsize             = 232
[LOG] SystemI::createSoundInternal             :     exinfo->length             = 2454592
[LOG] SystemI::createSoundInternal             :     exinfo->fileoffset         = 16736
[LOG] SystemI::createSoundInternal             :     exinfo->numsubsounds       = 1
[LOG] SystemI::createSoundInternal             :     exinfo->inclusionlist      = 000000006978ADB8
[LOG] SystemI::createSoundInternal             :     exinfo->inclusionlistnum   = 1
[LOG] SystemI::createSoundInternal             :     exinfo->suggestedsoundtype = 5
[LOG] SystemI::createSoundInternal             :     exinfo->initialseekpostype = 1
[LOG] SystemI::createSoundInternal             :     Stream 0/1: name='411090__inspectorj__wind-chime-gamelan-gong-a', format=2, channels=2, frequency=48000, lengthbytes=89664, lengthpcm=768487, pcmblocksize=0, loopstart=0, loopend=0, mode=0x00000000, channelmask=0x00000000, channelorder=0, peakvolume=0.725432.
[LOG] AsyncThread::threadFunc                  : Finished Asynchronous operation on sound 000000001BF4C678
[LOG] SoundI::getSubSound                      : sound 000000001BF4C678.  Subsound index 0 / 1
[LOG] SystemI::createSound                     : filename = Assets\_MotionMentor\_Audio\tai_chi_fmod\Build\Desktop/Master Bank.bank : mode 02010082
[LOG] SystemI::createSound                     : FMOD_NONBLOCKING specified.  Putting into queue to be opened asynchronously!
[LOG] SystemI::createSound                     : setdata soundi = 000000001BF4C9D8 : node = 000000006978B090
[LOG] SystemI::createSound                     : add node to async list : head = 000000001C10F938.  list count = 0
[LOG] AsyncThread::threadFunc                  : Starting Asynchronous operation on sound 000000001BF4C9D8
[LOG] SystemI::createSoundInternal             :     Create name='Assets\_MotionMentor\_Audio\tai_chi_fmod\Build\Desktop/Master Bank.bank', mode=0x02010082
[LOG] SystemI::createSoundInternal             :     exinfo->cbsize             = 232
[LOG] SystemI::createSoundInternal             :     exinfo->length             = 2454592
[LOG] SystemI::createSoundInternal             :     exinfo->fileoffset         = 16736
[LOG] SystemI::createSoundInternal             :     exinfo->numsubsounds       = 1
[LOG] SystemI::createSoundInternal             :     exinfo->inclusionlist      = 000000006978B1A8
[LOG] SystemI::createSoundInternal             :     exinfo->inclusionlistnum   = 1
[LOG] SystemI::createSoundInternal             :     exinfo->suggestedsoundtype = 5
[LOG] SystemI::createSoundInternal             :     exinfo->initialseekpostype = 1
[LOG] SystemI::createSoundInternal             :     Stream 0/1: name='411090__inspectorj__wind-chime-gamelan-gong-a', format=2, channels=2, frequency=48000, lengthbytes=89664, lengthpcm=768487, pcmblocksize=0, loopstart=0, loopend=0, mode=0x00000000, channelmask=0x00000000, channelorder=0, peakvolume=0.725432.
[LOG] AsyncThread::threadFunc                  : Finished Asynchronous operation on sound 000000001BF4C9D8
[LOG] SoundI::getSubSound                      : sound 000000001BF4C9D8.  Subsound index 0 / 1
[LOG] SystemI::createSound                     : filename = Assets\_MotionMentor\_Audio\tai_chi_fmod\Build\Desktop/Master Bank.bank : mode 02010082
[LOG] SystemI::createSound                     : FMOD_NONBLOCKING specified.  Putting into queue to be opened asynchronously!
[LOG] SystemI::createSound                     : setdata soundi = 000000001BF4CB88 : node = 000000006978B1E0
[LOG] SystemI::createSound                     : add node to async list : head = 000000001C10F938.  list count = 0
[LOG] AsyncThread::threadFunc                  : Starting Asynchronous operation on sound 000000001BF4CB88
[LOG] SystemI::createSoundInternal             :     Create name='Assets\_MotionMentor\_Audio\tai_chi_fmod\Build\Desktop/Master Bank.bank', mode=0x02010082
[LOG] SystemI::createSoundInternal             :     exinfo->cbsize             = 232
[LOG] SystemI::createSoundInternal             :     exinfo->length             = 2454592
[LOG] SystemI::createSoundInternal             :     exinfo->fileoffset         = 16736
[LOG] SystemI::createSoundInternal             :     exinfo->numsubsounds       = 1
[LOG] SystemI::createSoundInternal             :     exinfo->inclusionlist      = 000000006978B2F8
[LOG] SystemI::createSoundInternal             :     exinfo->inclusionlistnum   = 1
[LOG] SystemI::createSoundInternal             :     exinfo->suggestedsoundtype = 5
[LOG] SystemI::createSoundInternal             :     exinfo->initialseekpostype = 1
[LOG] SystemI::createSoundInternal             :     Stream 0/1: name='411090__inspectorj__wind-chime-gamelan-gong-a', format=2, channels=2, frequency=48000, lengthbytes=89664, lengthpcm=768487, pcmblocksize=0, loopstart=0, loopend=0, mode=0x00000000, channelmask=0x00000000, channelorder=0, peakvolume=0.725432.
[LOG] AsyncThread::threadFunc                  : Finished Asynchronous operation on sound 000000001BF4CB88
[LOG] SoundI::getSubSound                      : sound 000000001BF4CB88.  Subsound index 0 / 1
[LOG] SoundI::release                          : 411090__inspectorj__wind-chime-gamelan-gong-a (0000000069D630E8)
[LOG] SoundI::release                          :     411090__inspectorj__wind-chime-gamelan-gong-a (0000000069219AE8)
[LOG] SoundI::release                          :     411090__inspectorj__wind-chime-gamelan-gong-a (0000000069D63298)
[LOG] SystemI::createSound                     : filename = Assets\_MotionMentor\_Audio\tai_chi_fmod\Build\Desktop/Master Bank.bank : mode 02010082
[LOG] SystemI::createSound                     : FMOD_NONBLOCKING specified.  Putting into queue to be opened asynchronously!
[LOG] SystemI::createSound                     : setdata soundi = 00000000836E5DF8 : node = 0000000069C31FC0
[LOG] SystemI::createSound                     : add node to async list : head = 000000001C10F938.  list count = 0
[LOG] AsyncThread::threadFunc                  : Starting Asynchronous operation on sound 00000000836E5DF8
[LOG] SystemI::createSoundInternal             :     Create name='Assets\_MotionMentor\_Audio\tai_chi_fmod\Build\Desktop/Master Bank.bank', mode=0x02010082
[LOG] SystemI::createSoundInternal             :     exinfo->cbsize             = 232
[LOG] SystemI::createSoundInternal             :     exinfo->length             = 2454592
[LOG] SystemI::createSoundInternal             :     exinfo->fileoffset         = 16736
[LOG] SystemI::createSoundInternal             :     exinfo->numsubsounds       = 1
[LOG] SystemI::createSoundInternal             :     exinfo->inclusionlist      = 0000000069C320D8
[LOG] SystemI::createSoundInternal             :     exinfo->inclusionlistnum   = 1
[LOG] SystemI::createSoundInternal             :     exinfo->suggestedsoundtype = 5
[LOG] SystemI::createSoundInternal             :     exinfo->initialseekpostype = 1
[LOG] SystemI::createSoundInternal             :     Stream 0/1: name='411090__inspectorj__wind-chime-gamelan-gong-a', format=2, channels=2, frequency=48000, lengthbytes=89664, lengthpcm=768487, pcmblocksize=0, loopstart=0, loopend=0, mode=0x00000000, channelmask=0x00000000, channelorder=0, peakvolume=0.725432.
[LOG] AsyncThread::threadFunc                  : Finished Asynchronous operation on sound 00000000836E5DF8
[LOG] SoundI::getSubSound                      : sound 00000000836E5DF8.  Subsound index 0 / 1
[LOG] SoundI::release                          : 411090__inspectorj__wind-chime-gamelan-gong-a (000000001BF4C678)
[LOG] SoundI::release                          :     411090__inspectorj__wind-chime-gamelan-gong-a (000000006921A308)
[LOG] SoundI::release                          :     411090__inspectorj__wind-chime-gamelan-gong-a (0000000019AA4AA8)
[LOG] SoundI::release                          : 411090__inspectorj__wind-chime-gamelan-gong-a (000000001BF4C9D8)
[LOG] SoundI::release                          :     411090__inspectorj__wind-chime-gamelan-gong-a (0000000069219E28)
[LOG] SoundI::release                          :     411090__inspectorj__wind-chime-gamelan-gong-a (0000000019AA6E18)
[LOG] SoundI::release                          : 411090__inspectorj__wind-chime-gamelan-gong-a (000000001BF4CB88)
[LOG] SoundI::release                          :     411090__inspectorj__wind-chime-gamelan-gong-a (0000000069219FC8)
[LOG] SoundI::release                          :     411090__inspectorj__wind-chime-gamelan-gong-a (0000000069D56598)
[LOG] SoundI::release                          : 411090__inspectorj__wind-chime-gamelan-gong-a (00000000836E5DF8)
[LOG] SoundI::release                          :     411090__inspectorj__wind-chime-gamelan-gong-a (0000000069219AE8)
[LOG] SoundI::release                          :     411090__inspectorj__wind-chime-gamelan-gong-a (00000000836E5078)
[LOG] Thread::callback                         : FMOD Studio update thread finished.
[LOG] Thread::callback                         : FMOD Studio bank load thread finished.
[LOG] Thread::callback                         : FMOD Studio sample load thread finished.
[LOG] LiveUpdate::release                      : 
[LOG] LiveUpdate::reset                        : Reset connection (reason Disconnected)
[LOG] Thread::callback                         : FMOD stream thread finished.
[LOG] Thread::callback                         : FMOD mixer thread finished.
[LOG] SystemI::close                           : Closed.
